2025-05-19 09:40:16,865 INFO o.a.j.u.JMeterUtils: Setting Locale to en_EN
2025-05-19 09:40:16,908 INFO o.a.j.JMeter: Loading user properties from: /opt/jmeter/bin/user.properties
2025-05-19 09:40:16,909 INFO o.a.j.JMeter: Loading system properties from: /opt/jmeter/bin/system.properties
2025-05-19 09:40:16,917 INFO o.a.j.JMeter: Copyright (c) 1998-2022 The Apache Software Foundation
2025-05-19 09:40:16,917 INFO o.a.j.JMeter: Version 5.5
2025-05-19 09:40:16,917 INFO o.a.j.JMeter: java.version=11.0.27
2025-05-19 09:40:16,917 INFO o.a.j.JMeter: java.vm.name=OpenJDK 64-Bit Server VM
2025-05-19 09:40:16,917 INFO o.a.j.JMeter: os.name=Linux
2025-05-19 09:40:16,917 INFO o.a.j.JMeter: os.arch=amd64
2025-05-19 09:40:16,917 INFO o.a.j.JMeter: os.version=6.11.0-25-generic
2025-05-19 09:40:16,917 INFO o.a.j.JMeter: file.encoding=UTF-8
2025-05-19 09:40:16,918 INFO o.a.j.JMeter: java.awt.headless=null
2025-05-19 09:40:16,918 INFO o.a.j.JMeter: Max memory     =1073741824
2025-05-19 09:40:16,918 INFO o.a.j.JMeter: Available Processors =4
2025-05-19 09:40:16,928 INFO o.a.j.JMeter: Default Locale=English (EN)
2025-05-19 09:40:16,928 INFO o.a.j.JMeter: JMeter  Locale=English (EN)
2025-05-19 09:40:16,928 INFO o.a.j.JMeter: JMeterHome=/opt/jmeter
2025-05-19 09:40:16,928 INFO o.a.j.JMeter: user.dir  =/home/felender7/Desktop/qubic-admin-dashboard
2025-05-19 09:40:16,929 INFO o.a.j.JMeter: PWD       =/home/felender7/Desktop/qubic-admin-dashboard
2025-05-19 09:40:16,929 INFO o.a.j.JMeter: IP: 127.0.1.1 Name: felender7-Latitude-5580 FullName: felender7-Latitude-5580
2025-05-19 09:40:16,939 INFO o.a.j.JMeter: Loaded icon properties from org/apache/jmeter/images/icon.properties
2025-05-19 09:40:17,310 INFO o.a.j.JMeterGuiLauncher: Setting LAF to: com.github.weisj.darklaf.DarkLaf:com.github.weisj.darklaf.theme.DarculaTheme
